<?xml version="1.0" encoding="UTF-8"?>
<!-- Generated by org.testng.reporters.JUnitReportReporter -->
<testsuite hostname="Sharad" failures="0" tests="1" name="Calculator.Application.AdditionTestCase" time="0.068" errors="0" timestamp="2021-05-18T12:23:40 IST" skipped="0">
  <testcase classname="Calculator.Application.AdditionTestCase" name="TestAdditionWithPositiveNumbers" time="0.068"/>
  <system-out/>
</testsuite> <!-- Calculator.Application.AdditionTestCase -->
