<?xml version="1.0" encoding="UTF-8"?>
<!-- Generated by org.testng.reporters.JUnitReportReporter -->
<testsuite hostname="Sharad" failures="0" tests="4" name="Calculator.Application.AdditionTestCase" time="0.140" errors="0" timestamp="2021-05-18T11:05:34 IST" skipped="0">
  <testcase classname="Calculator.Application.AdditionTestCase" name="TestAdditionWithOnePositiveOneNegative" time="0.031"/>
  <system-out/>
  <testcase classname="Calculator.Application.AdditionTestCase" name="TestAdditionNegativeNumbers" time="0.063"/>
  <system-out/>
  <testcase classname="Calculator.Application.AdditionTestCase" name="AdditionWithZeroNumbers" time="0.015"/>
  <system-out/>
  <testcase classname="Calculator.Application.AdditionTestCase" name="TestAdditionWithPositiveNumbers" time="0.031"/>
  <system-out/>
</testsuite> <!-- Calculator.Application.AdditionTestCase -->
